<?xml version="1.0" encoding="UTF-8"?>
<!-- Generated by org.testng.reporters.JUnitReportReporter -->
<testsuite skipped="0" hostname="DESKTOP-TI77SJ7" name="com.test.D" tests="4" failures="0" timestamp="10 Feb 2021 14:37:20 GMT" time="0.047" errors="0">
  <testcase name="tc3" time="0.009" classname="com.test.D"/>
  <testcase name="tc222" time="0.013" classname="com.test.D"/>
  <testcase name="tc4" time="0.007" classname="com.test.D"/>
  <testcase name="tc111" time="0.018" classname="com.test.D"/>
</testsuite> <!-- com.test.D -->
