<?xml version="1.0" encoding="UTF-8"?>
<!-- Generated by org.testng.reporters.JUnitReportReporter -->
<testsuite skipped="0" hostname="DESKTOP-TI77SJ7" name="com.test.C" tests="4" failures="0" timestamp="10 Feb 2021 14:37:20 GMT" time="0.031" errors="0">
  <testcase name="tc22" time="0.013" classname="com.test.C"/>
  <testcase name="tc44" time="0.005" classname="com.test.C"/>
  <testcase name="tc33" time="0.009" classname="com.test.C"/>
  <testcase name="tc11" time="0.004" classname="com.test.C"/>
</testsuite> <!-- com.test.C -->
